============================= test session starts ==============================
platform darwin -- Python 3.13.13, pytest-9.1.1, pluggy-1.6.0 -- /Users/seolzzz/Developer/Repco/SoftSensorProject/apps/python/.venv/bin/python
cachedir: .pytest_cache
rootdir: /Users/seolzzz/Developer/Repco/SoftSensorProject/apps/python
plugins: anyio-4.14.2
collecting ... collected 240 items

tests/test_artifact_service.py::test_clean_writes_the_target_and_leaves_the_source_alone PASSED [  0%]
tests/test_artifact_service.py::test_clean_refuses_to_write_over_a_committed_version PASSED [  0%]
tests/test_artifact_service.py::test_clean_may_rewrite_its_own_tmp_step_on_retry PASSED [  1%]
tests/test_artifact_service.py::test_a_pipeline_that_drops_every_row_fails_instead_of_committing_nothing PASSED [  1%]
tests/test_artifact_service.py::test_clean_rejects_a_target_equal_to_its_source PASSED [  2%]
tests/test_artifact_service.py::test_clean_surfaces_a_missing_source_rather_than_writing_an_empty_target PASSED [  2%]
tests/test_artifact_service.py::test_rows_pages_and_reports_the_whole_artifact_height PASSED [  2%]
tests/test_artifact_service.py::test_rows_past_the_end_is_an_empty_page_not_an_error PASSED [  3%]
tests/test_artifact_service.py::test_rows_reads_only PASSED              [  3%]
tests/test_artifact_service.py::test_cleanup_clears_only_the_named_job PASSED [  4%]
tests/test_artifact_service.py::test_cleanup_refuses_a_prefix_outside_tmp PASSED [  4%]
tests/test_artifact_service.py::test_cleanup_requires_a_trailing_slash PASSED [  5%]
tests/test_artifact_service.py::test_materialize_requires_exactly_one_source PASSED [  5%]
tests/test_artifact_service.py::test_materialize_rejects_two_sources PASSED [  5%]
tests/test_artifact_service.py::test_usable_guard_rejects_a_frame_with_no_tags PASSED [  6%]
tests/test_artifact_service.py::test_usable_guard_accepts_a_normal_frame PASSED [  6%]
tests/test_cleaning_quirks.py::test_js_round_is_half_up_not_bankers[2.5-3] PASSED [  7%]
tests/test_cleaning_quirks.py::test_js_round_is_half_up_not_bankers[0.5-1] PASSED [  7%]
tests/test_cleaning_quirks.py::test_js_round_is_half_up_not_bankers[3.5-4] PASSED [  7%]
tests/test_cleaning_quirks.py::test_js_round_is_half_up_not_bankers[1.5-2] PASSED [  8%]
tests/test_cleaning_quirks.py::test_js_round_is_half_up_not_bankers[-2.5--2] PASSED [  8%]
tests/test_cleaning_quirks.py::test_js_round_actually_differs_from_python_round PASSED [  9%]
tests/test_cleaning_quirks.py::test_rounding_quirk_is_visible_through_a_real_operation PASSED [  9%]
tests/test_cleaning_quirks.py::test_floor_index_quartiles_differ_from_numpy_quantile PASSED [ 10%]
tests/test_cleaning_quirks.py::test_iqr_operation_uses_the_floor_index_fences PASSED [ 10%]
tests/test_cleaning_quirks.py::test_zscore_uses_population_std PASSED    [ 10%]
tests/test_cleaning_quirks.py::test_forward_fill_marks_good_with_no_donor PASSED [ 11%]
tests/test_cleaning_quirks.py::test_backward_fill_marks_good_with_no_donor PASSED [ 11%]
tests/test_cleaning_quirks.py::test_zscore_replaces_rather_than_removes PASSED [ 12%]
tests/test_cleaning_quirks.py::test_clip_leaves_status_and_precision_alone PASSED [ 12%]
tests/test_cleaning_quirks.py::test_moving_average_shrinks_at_the_edges PASSED [ 12%]
tests/test_cleaning_quirks.py::test_drop_removes_the_union_across_tags PASSED [ 13%]
tests/test_cleaning_quirks.py::test_zscore_imputes_a_bad_hole PASSED     [ 13%]
tests/test_cleaning_quirks.py::test_apply_operations_matches_the_pipeline_path PASSED [ 14%]
tests/test_cleaning_quirks.py::test_apply_operations_rejects_unknown_tags_everywhere PASSED [ 14%]
tests/test_cleaning_quirks.py::test_apply_operations_rejects_unsupported_operations PASSED [ 15%]
tests/test_cleaning_quirks.py::test_param_alias_precedence_is_explicit PASSED [ 15%]
tests/test_cleaning_quirks.py::test_remove_duplicates_keeps_the_first_row PASSED [ 15%]
tests/test_cleaning_quirks.py::test_operations_chain_in_order PASSED     [ 16%]
tests/test_error_redaction.py::test_validation_errors_do_not_echo_credentials[/v1/preprocess/materialize] PASSED [ 16%]
tests/test_error_redaction.py::test_validation_errors_do_not_echo_credentials[/v1/data-sources/pi/tags] PASSED [ 17%]
tests/test_error_redaction.py::test_validation_errors_do_not_echo_credentials[/v1/data-sources/pi/fetch] PASSED [ 17%]
tests/test_error_redaction.py::test_validation_errors_do_not_echo_credentials[/v1/data-sources/sql/query] PASSED [ 17%]
tests/test_error_redaction.py::test_the_error_is_still_actionable PASSED [ 18%]
tests/test_error_redaction.py::test_the_handler_does_not_reject_a_well_formed_body PASSED [ 18%]
tests/test_frame_service.py::test_ragged_tags_are_unioned_onto_one_axis PASSED [ 19%]
tests/test_frame_service.py::test_rows_are_sorted_by_timestamp PASSED    [ 19%]
tests/test_frame_service.py::test_digital_state_strings_become_bad_holes PASSED [ 20%]
tests/test_frame_service.py::test_numeric_strings_are_accepted PASSED    [ 20%]
tests/test_frame_service.py::test_booleans_are_not_treated_as_numbers PASSED [ 20%]
tests/test_frame_service.py::test_failed_tag_keeps_its_column_all_bad PASSED [ 21%]
tests/test_frame_service.py::test_unparseable_timestamps_are_skipped PASSED [ 21%]
tests/test_frame_service.py::test_empty_pi_response_yields_an_empty_frame PASSED [ 22%]
tests/test_frame_service.py::test_pi_frame_satisfies_the_storage_contract PASSED [ 22%]
tests/test_frame_service.py::test_reserved_tag_name_is_rejected PASSED   [ 22%]
tests/test_frame_service.py::test_sql_rows_map_straight_across PASSED    [ 23%]
tests/test_frame_service.py::test_sql_tag_subset_is_honoured PASSED      [ 23%]
tests/test_frame_service.py::test_sql_missing_timestamp_column_is_an_actionable_error PASSED [ 24%]
tests/test_frame_service.py::test_sql_unknown_requested_column_is_an_actionable_error PASSED [ 24%]
tests/test_frame_service.py::test_both_sources_produce_the_same_shape PASSED [ 25%]
tests/test_frame_service.py::test_mark_questionable_changes_status_not_values PASSED [ 25%]
tests/test_frame_service.py::test_mark_questionable_selects_positionally_not_by_label PASSED [ 25%]
tests/test_frame_service.py::test_mark_questionable_handles_a_non_contiguous_index PASSED [ 26%]
tests/test_frame_service.py::test_mark_questionable_rejects_a_mismatched_mask PASSED [ 26%]
tests/test_object_store.py::test_tag_columns_counts_logical_tags_only PASSED [ 27%]
tests/test_object_store.py::test_missing_pct_counts_non_good_cells PASSED [ 27%]
tests/test_object_store.py::test_missing_pct_of_empty_frame_is_zero PASSED [ 27%]
tests/test_object_store.py::test_valid_frame_passes PASSED               [ 28%]
tests/test_object_store.py::test_tag_named_like_a_status_column_is_rejected PASSED [ 28%]
tests/test_object_store.py::test_orphan_status_column_is_rejected PASSED [ 29%]
tests/test_object_store.py::test_tag_without_status_sidecar_is_rejected PASSED [ 29%]
tests/test_object_store.py::test_frame_without_timestamp_is_rejected PASSED [ 30%]
tests/test_object_store.py::test_source_tag_list_guard_rejects_reserved_suffix PASSED [ 30%]
tests/test_object_store.py::test_key_helpers_are_scoped_by_dataset PASSED [ 30%]
tests/test_object_store.py::test_status_codes_are_distinct PASSED        [ 31%]
tests/test_object_store.py::test_round_trip_preserves_values_and_status PASSED [ 31%]
tests/test_object_store.py::test_committed_artifacts_are_immutable PASSED [ 32%]
tests/test_object_store.py::test_tmp_intermediates_may_be_overwritten PASSED [ 32%]
tests/test_object_store.py::test_get_frame_slice_windows_rows PASSED     [ 32%]
tests/test_parity.py::test_index_lists_every_case PASSED                 [ 33%]
tests/test_parity.py::test_f2_operation_set_is_covered PASSED            [ 33%]
tests/test_parity.py::test_precision_map_covers_every_tag PASSED         [ 34%]
tests/test_parity.py::test_fixture_is_well_formed[chain_fill_outlier_smooth] PASSED [ 34%]
tests/test_parity.py::test_fixture_is_well_formed[clip_both_bounds] PASSED [ 35%]
tests/test_parity.py::test_fixture_is_well_formed[clip_high_only] PASSED [ 35%]
tests/test_parity.py::test_fixture_is_well_formed[drop_missing] PASSED   [ 35%]
tests/test_parity.py::test_fixture_is_well_formed[drop_single_tag_removes_whole_rows] PASSED [ 36%]
tests/test_parity.py::test_fixture_is_well_formed[fill_missing_bfill] PASSED [ 36%]
tests/test_parity.py::test_fixture_is_well_formed[fill_missing_constant] PASSED [ 37%]
tests/test_parity.py::test_fixture_is_well_formed[fill_missing_constant_default] PASSED [ 37%]
tests/test_parity.py::test_fixture_is_well_formed[fill_missing_ffill] PASSED [ 37%]
tests/test_parity.py::test_fixture_is_well_formed[fill_missing_linear] PASSED [ 38%]
tests/test_parity.py::test_fixture_is_well_formed[fill_missing_mean] PASSED [ 38%]
tests/test_parity.py::test_fixture_is_well_formed[fill_missing_median] PASSED [ 39%]
tests/test_parity.py::test_fixture_is_well_formed[no_ops_is_identity] PASSED [ 39%]
tests/test_parity.py::test_fixture_is_well_formed[precleanse_conditional_drop] PASSED [ 40%]
tests/test_parity.py::test_fixture_is_well_formed[precleanse_statistical_zscore] PASSED [ 40%]
tests/test_parity.py::test_fixture_is_well_formed[precleanse_time_crop] PASSED [ 40%]
tests/test_parity.py::test_fixture_is_well_formed[remove_outlier_iqr] PASSED [ 41%]
tests/test_parity.py::test_fixture_is_well_formed[remove_outlier_zscore_default] PASSED [ 41%]
tests/test_parity.py::test_fixture_is_well_formed[remove_outlier_zscore_t2] PASSED [ 42%]
tests/test_parity.py::test_fixture_is_well_formed[smooth_exponential_a07] PASSED [ 42%]
tests/test_parity.py::test_fixture_is_well_formed[smooth_exponential_default] PASSED [ 42%]
tests/test_parity.py::test_fixture_is_well_formed[smooth_moving_avg_default] PASSED [ 43%]
tests/test_parity.py::test_fixture_is_well_formed[smooth_moving_avg_w5] PASSED [ 43%]
tests/test_parity.py::test_status_codes_round_trip[chain_fill_outlier_smooth] PASSED [ 44%]
tests/test_parity.py::test_status_codes_round_trip[clip_both_bounds] PASSED [ 44%]
tests/test_parity.py::test_status_codes_round_trip[clip_high_only] PASSED [ 45%]
tests/test_parity.py::test_status_codes_round_trip[drop_missing] PASSED  [ 45%]
tests/test_parity.py::test_status_codes_round_trip[drop_single_tag_removes_whole_rows] PASSED [ 45%]
tests/test_parity.py::test_status_codes_round_trip[fill_missing_bfill] PASSED [ 46%]
tests/test_parity.py::test_status_codes_round_trip[fill_missing_constant] PASSED [ 46%]
tests/test_parity.py::test_status_codes_round_trip[fill_missing_constant_default] PASSED [ 47%]
tests/test_parity.py::test_status_codes_round_trip[fill_missing_ffill] PASSED [ 47%]
tests/test_parity.py::test_status_codes_round_trip[fill_missing_linear] PASSED [ 47%]
tests/test_parity.py::test_status_codes_round_trip[fill_missing_mean] PASSED [ 48%]
tests/test_parity.py::test_status_codes_round_trip[fill_missing_median] PASSED [ 48%]
tests/test_parity.py::test_status_codes_round_trip[no_ops_is_identity] PASSED [ 49%]
tests/test_parity.py::test_status_codes_round_trip[precleanse_conditional_drop] PASSED [ 49%]
tests/test_parity.py::test_status_codes_round_trip[precleanse_statistical_zscore] PASSED [ 50%]
tests/test_parity.py::test_status_codes_round_trip[precleanse_time_crop] PASSED [ 50%]
tests/test_parity.py::test_status_codes_round_trip[remove_outlier_iqr] PASSED [ 50%]
tests/test_parity.py::test_status_codes_round_trip[remove_outlier_zscore_default] PASSED [ 51%]
tests/test_parity.py::test_status_codes_round_trip[remove_outlier_zscore_t2] PASSED [ 51%]
tests/test_parity.py::test_status_codes_round_trip[smooth_exponential_a07] PASSED [ 52%]
tests/test_parity.py::test_status_codes_round_trip[smooth_exponential_default] PASSED [ 52%]
tests/test_parity.py::test_status_codes_round_trip[smooth_moving_avg_default] PASSED [ 52%]
tests/test_parity.py::test_status_codes_round_trip[smooth_moving_avg_w5] PASSED [ 53%]
tests/test_parity.py::test_input_grid_contains_non_good_cells[chain_fill_outlier_smooth] PASSED [ 53%]
tests/test_parity.py::test_input_grid_contains_non_good_cells[clip_both_bounds] PASSED [ 54%]
tests/test_parity.py::test_input_grid_contains_non_good_cells[clip_high_only] PASSED [ 54%]
tests/test_parity.py::test_input_grid_contains_non_good_cells[drop_missing] PASSED [ 55%]
tests/test_parity.py::test_input_grid_contains_non_good_cells[drop_single_tag_removes_whole_rows] PASSED [ 55%]
tests/test_parity.py::test_input_grid_contains_non_good_cells[fill_missing_bfill] PASSED [ 55%]
tests/test_parity.py::test_input_grid_contains_non_good_cells[fill_missing_constant] PASSED [ 56%]
tests/test_parity.py::test_input_grid_contains_non_good_cells[fill_missing_constant_default] PASSED [ 56%]
tests/test_parity.py::test_input_grid_contains_non_good_cells[fill_missing_ffill] PASSED [ 57%]
tests/test_parity.py::test_input_grid_contains_non_good_cells[fill_missing_linear] PASSED [ 57%]
tests/test_parity.py::test_input_grid_contains_non_good_cells[fill_missing_mean] PASSED [ 57%]
tests/test_parity.py::test_input_grid_contains_non_good_cells[fill_missing_median] PASSED [ 58%]
tests/test_parity.py::test_input_grid_contains_non_good_cells[no_ops_is_identity] SKIPPED [ 58%]
tests/test_parity.py::test_input_grid_contains_non_good_cells[precleanse_conditional_drop] PASSED [ 59%]
tests/test_parity.py::test_input_grid_contains_non_good_cells[precleanse_statistical_zscore] PASSED [ 59%]
tests/test_parity.py::test_input_grid_contains_non_good_cells[precleanse_time_crop] PASSED [ 60%]
tests/test_parity.py::test_input_grid_contains_non_good_cells[remove_outlier_iqr] PASSED [ 60%]
tests/test_parity.py::test_input_grid_contains_non_good_cells[remove_outlier_zscore_default] PASSED [ 60%]
tests/test_parity.py::test_input_grid_contains_non_good_cells[remove_outlier_zscore_t2] PASSED [ 61%]
tests/test_parity.py::test_input_grid_contains_non_good_cells[smooth_exponential_a07] PASSED [ 61%]
tests/test_parity.py::test_input_grid_contains_non_good_cells[smooth_exponential_default] PASSED [ 62%]
tests/test_parity.py::test_input_grid_contains_non_good_cells[smooth_moving_avg_default] PASSED [ 62%]
tests/test_parity.py::test_input_grid_contains_non_good_cells[smooth_moving_avg_w5] PASSED [ 62%]
tests/test_parity.py::test_drop_cases_actually_drop_rows[chain_fill_outlier_smooth] PASSED [ 63%]
tests/test_parity.py::test_drop_cases_actually_drop_rows[clip_both_bounds] PASSED [ 63%]
tests/test_parity.py::test_drop_cases_actually_drop_rows[clip_high_only] PASSED [ 64%]
tests/test_parity.py::test_drop_cases_actually_drop_rows[drop_missing] PASSED [ 64%]
tests/test_parity.py::test_drop_cases_actually_drop_rows[drop_single_tag_removes_whole_rows] PASSED [ 65%]
tests/test_parity.py::test_drop_cases_actually_drop_rows[fill_missing_bfill] PASSED [ 65%]
tests/test_parity.py::test_drop_cases_actually_drop_rows[fill_missing_constant] PASSED [ 65%]
tests/test_parity.py::test_drop_cases_actually_drop_rows[fill_missing_constant_default] PASSED [ 66%]
tests/test_parity.py::test_drop_cases_actually_drop_rows[fill_missing_ffill] PASSED [ 66%]
tests/test_parity.py::test_drop_cases_actually_drop_rows[fill_missing_linear] PASSED [ 67%]
tests/test_parity.py::test_drop_cases_actually_drop_rows[fill_missing_mean] PASSED [ 67%]
tests/test_parity.py::test_drop_cases_actually_drop_rows[fill_missing_median] PASSED [ 67%]
tests/test_parity.py::test_drop_cases_actually_drop_rows[no_ops_is_identity] PASSED [ 68%]
tests/test_parity.py::test_drop_cases_actually_drop_rows[precleanse_conditional_drop] PASSED [ 68%]
tests/test_parity.py::test_drop_cases_actually_drop_rows[precleanse_statistical_zscore] PASSED [ 69%]
tests/test_parity.py::test_drop_cases_actually_drop_rows[precleanse_time_crop] PASSED [ 69%]
tests/test_parity.py::test_drop_cases_actually_drop_rows[remove_outlier_iqr] PASSED [ 70%]
tests/test_parity.py::test_drop_cases_actually_drop_rows[remove_outlier_zscore_default] PASSED [ 70%]
tests/test_parity.py::test_drop_cases_actually_drop_rows[remove_outlier_zscore_t2] PASSED [ 70%]
tests/test_parity.py::test_drop_cases_actually_drop_rows[smooth_exponential_a07] PASSED [ 71%]
tests/test_parity.py::test_drop_cases_actually_drop_rows[smooth_exponential_default] PASSED [ 71%]
tests/test_parity.py::test_drop_cases_actually_drop_rows[smooth_moving_avg_default] PASSED [ 72%]
tests/test_parity.py::test_drop_cases_actually_drop_rows[smooth_moving_avg_w5] PASSED [ 72%]
tests/test_parity.py::test_identity_case_is_a_true_no_op[chain_fill_outlier_smooth] SKIPPED [ 72%]
tests/test_parity.py::test_identity_case_is_a_true_no_op[clip_both_bounds] SKIPPED [ 73%]
tests/test_parity.py::test_identity_case_is_a_true_no_op[clip_high_only] SKIPPED [ 73%]
tests/test_parity.py::test_identity_case_is_a_true_no_op[drop_missing] SKIPPED [ 74%]
tests/test_parity.py::test_identity_case_is_a_true_no_op[drop_single_tag_removes_whole_rows] SKIPPED [ 74%]
tests/test_parity.py::test_identity_case_is_a_true_no_op[fill_missing_bfill] SKIPPED [ 75%]
tests/test_parity.py::test_identity_case_is_a_true_no_op[fill_missing_constant] SKIPPED [ 75%]
tests/test_parity.py::test_identity_case_is_a_true_no_op[fill_missing_constant_default] SKIPPED [ 75%]
tests/test_parity.py::test_identity_case_is_a_true_no_op[fill_missing_ffill] SKIPPED [ 76%]
tests/test_parity.py::test_identity_case_is_a_true_no_op[fill_missing_linear] SKIPPED [ 76%]
tests/test_parity.py::test_identity_case_is_a_true_no_op[fill_missing_mean] SKIPPED [ 77%]
tests/test_parity.py::test_identity_case_is_a_true_no_op[fill_missing_median] SKIPPED [ 77%]
tests/test_parity.py::test_identity_case_is_a_true_no_op[no_ops_is_identity] PASSED [ 77%]
tests/test_parity.py::test_identity_case_is_a_true_no_op[precleanse_conditional_drop] SKIPPED [ 78%]
tests/test_parity.py::test_identity_case_is_a_true_no_op[precleanse_statistical_zscore] SKIPPED [ 78%]
tests/test_parity.py::test_identity_case_is_a_true_no_op[precleanse_time_crop] SKIPPED [ 79%]
tests/test_parity.py::test_identity_case_is_a_true_no_op[remove_outlier_iqr] SKIPPED [ 79%]
tests/test_parity.py::test_identity_case_is_a_true_no_op[remove_outlier_zscore_default] SKIPPED [ 80%]
tests/test_parity.py::test_identity_case_is_a_true_no_op[remove_outlier_zscore_t2] SKIPPED [ 80%]
tests/test_parity.py::test_identity_case_is_a_true_no_op[smooth_exponential_a07] SKIPPED [ 80%]
tests/test_parity.py::test_identity_case_is_a_true_no_op[smooth_exponential_default] SKIPPED [ 81%]
tests/test_parity.py::test_identity_case_is_a_true_no_op[smooth_moving_avg_default] SKIPPED [ 81%]
tests/test_parity.py::test_identity_case_is_a_true_no_op[smooth_moving_avg_w5] SKIPPED [ 82%]
tests/test_parity.py::test_round_trip_survives_float_noise PASSED        [ 82%]
tests/test_parity.py::test_comparison_still_catches_real_divergence PASSED [ 82%]
tests/test_parity.py::test_matches_client_output[chain_fill_outlier_smooth] PASSED [ 83%]
tests/test_parity.py::test_matches_client_output[clip_both_bounds] PASSED [ 83%]
tests/test_parity.py::test_matches_client_output[clip_high_only] PASSED  [ 84%]
tests/test_parity.py::test_matches_client_output[drop_missing] PASSED    [ 84%]
tests/test_parity.py::test_matches_client_output[drop_single_tag_removes_whole_rows] PASSED [ 85%]
tests/test_parity.py::test_matches_client_output[fill_missing_bfill] PASSED [ 85%]
tests/test_parity.py::test_matches_client_output[fill_missing_constant] PASSED [ 85%]
tests/test_parity.py::test_matches_client_output[fill_missing_constant_default] PASSED [ 86%]
tests/test_parity.py::test_matches_client_output[fill_missing_ffill] PASSED [ 86%]
tests/test_parity.py::test_matches_client_output[fill_missing_linear] PASSED [ 87%]
tests/test_parity.py::test_matches_client_output[fill_missing_mean] PASSED [ 87%]
tests/test_parity.py::test_matches_client_output[fill_missing_median] PASSED [ 87%]
tests/test_parity.py::test_matches_client_output[no_ops_is_identity] PASSED [ 88%]
tests/test_parity.py::test_matches_client_output[precleanse_conditional_drop] SKIPPED [ 88%]
tests/test_parity.py::test_matches_client_output[precleanse_statistical_zscore] SKIPPED [ 89%]
tests/test_parity.py::test_matches_client_output[precleanse_time_crop] SKIPPED [ 89%]
tests/test_parity.py::test_matches_client_output[remove_outlier_iqr] PASSED [ 90%]
tests/test_parity.py::test_matches_client_output[remove_outlier_zscore_default] PASSED [ 90%]
tests/test_parity.py::test_matches_client_output[remove_outlier_zscore_t2] PASSED [ 90%]
tests/test_parity.py::test_matches_client_output[smooth_exponential_a07] PASSED [ 91%]
tests/test_parity.py::test_matches_client_output[smooth_exponential_default] PASSED [ 91%]
tests/test_parity.py::test_matches_client_output[smooth_moving_avg_default] PASSED [ 92%]
tests/test_parity.py::test_matches_client_output[smooth_moving_avg_w5] PASSED [ 92%]
tests/test_preview_service.py::test_the_guard_is_actually_armed PASSED   [ 92%]
tests/test_preview_service.py::test_preview_writes_nothing PASSED        [ 93%]
tests/test_preview_service.py::test_source_row_count_is_the_artifact_not_the_window PASSED [ 93%]
tests/test_preview_service.py::test_artifact_that_fits_the_window_is_not_flagged_sampled PASSED [ 94%]
tests/test_preview_service.py::test_exactly_at_the_cap_is_not_sampled PASSED [ 94%]
tests/test_preview_service.py::test_row_removing_operations_warn_when_sampled PASSED [ 95%]
tests/test_preview_service.py::test_operations_insensitive_to_sampling_get_only_the_generic_warning PASSED [ 95%]
tests/test_preview_service.py::test_column_stats_ignore_non_good_cells PASSED [ 95%]
tests/test_preview_service.py::test_column_stats_of_an_all_bad_column_are_null_not_zero PASSED [ 96%]
tests/test_preview_service.py::test_column_count_is_logical_tags_only PASSED [ 96%]
tests/test_preview_service.py::test_delta_reports_what_the_operations_changed PASSED [ 97%]
tests/test_preview_service.py::test_preview_rows_are_capped_independently_of_the_sample PASSED [ 97%]
tests/test_preview_service.py::test_unknown_column_is_a_cleaning_error PASSED [ 97%]
tests/test_preview_service.py::test_unknown_operation_is_a_cleaning_error PASSED [ 98%]
tests/test_preview_service.py::test_route_returns_the_documented_shape PASSED [ 98%]
tests/test_preview_service.py::test_unknown_operation_is_422_not_502 PASSED [ 99%]
tests/test_preview_service.py::test_unknown_column_is_422_not_502 PASSED [ 99%]
tests/test_preview_service.py::test_route_writes_nothing PASSED          [100%]

======================= 214 passed, 26 skipped in 0.76s ========================
